{
  "RSpec": {
    "coverage": {
      "/app/spec/requests/assignments_request_spec.rb": [
        1,
        null,
        1,
        1,
        3,
        3,
        null,
        null,
        4,
        4,
        null,
        1,
        2,
        null,
        1,
        1,
        1,
        null,
        null,
        null,
        1,
        2,
        null,
        1,
        1,
        1,
        null,
        1,
        1,
        1,
        1,
        null,
        null,
        null,
        1,
        2,
        null,
        1,
        1,
        1,
        null,
        1,
        1,
        null,
        null,
        null
      ],
      "/app/spec/requests/projects_request_spec.rb": [
        1,
        null,
        1,
        1,
        1,
        1,
        null,
        null,
        1,
        1,
        1,
        null,
        null,
        1,
        1,
        1,
        1,
        null,
        1,
        1,
        null,
        null,
        null
      ],
      "/app/spec/serializers/assignment_serializer_spec.rb": [
        1,
        null,
        1,
        2,
        2,
        2,
        null,
        1,
        1,
        null,
        1,
        null,
        null,
        null,
        null,
        null,
        null,
        null,
        null,
        null,
        null,
        null,
        null,
        null,
        null,
        null,
        null,
        null
      ],
      "/app/app/serializers/assignment_serializer.rb": [
        1,
        1,
        null,
        1,
        1,
        1,
        1,
        1,
        1,
        1,
        3,
        null
      ],
      "/app/spec/serializers/user_serializer_spec.rb": [
        1,
        null,
        1,
        2,
        2,
        null,
        1,
        1,
        null,
        null,
        null,
        null,
        null,
        null,
        null,
        null,
        null,
        null,
        null,
        null,
        null,
        null,
        null
      ],
      "/app/app/serializers/user_serializer.rb": [
        1,
        1,
        null,
        1,
        1,
        1,
        1,
        null
      ],
      "/app/app/models/user.rb": [
        null,
        null,
        null,
        null,
        null,
        null,
        null,
        null,
        null,
        null,
        null,
        null,
        null,
        null,
        1,
        1,
        null,
        1,
        7,
        null,
        1,
        1,
        null,
        1,
        1,
        null,
        null,
        null,
        null,
        null,
        1,
        null,
        3,
        null,
        null,
        1,
        0,
        null,
        0,
        null,
        null
      ],
      "/app/app/models/application_record.rb": [
        1,
        1,
        null
      ],
      "/app/app/uploaders/avatar_uploader.rb": [
        1,
        1,
        1,
        null,
        1,
        0,
        null,
        1,
        null,
        null,
        1,
        null,
        0,
        null,
        null,
        1,
        2,
        null,
        null,
        null,
        null,
        null,
        null,
        null,
        null,
        null,
        null,
        null,
        null,
        null,
        null,
        null,
        null,
        1,
        0,
        null,
        null,
        null,
        null,
        null,
        null,
        null,
        null
      ],
      "/app/app/models/project.rb": [
        null,
        null,
        null,
        null,
        null,
        null,
        null,
        null,
        null,
        null,
        null,
        null,
        1,
        1,
        1,
        null,
        1,
        1,
        1,
        null,
        1,
        null
      ],
      "/app/app/models/assignment.rb": [
        null,
        null,
        null,
        null,
        null,
        null,
        null,
        null,
        null,
        null,
        null,
        null,
        null,
        null,
        null,
        null,
        null,
        null,
        null,
        1,
        1,
        1,
        null,
        1,
        1,
        1,
        1,
        1,
        1,
        1,
        null,
        1,
        1,
        1,
        null,
        2,
        2,
        1,
        3,
        null,
        1,
        0,
        null,
        1,
        2,
        null
      ],
      "/app/app/controllers/api/assignments_controller.rb": [
        1,
        1,
        1,
        null,
        1,
        2,
        null,
        null,
        1,
        1,
        1,
        1,
        null,
        1,
        1,
        0,
        0,
        null,
        1,
        1,
        null,
        null,
        1,
        1,
        1,
        null,
        null,
        1,
        1,
        null,
        1,
        null,
        null,
        1,
        1,
        0,
        0,
        null,
        0,
        null,
        null,
        null,
        1,
        0,
        0,
        null,
        null,
        null,
        1,
        0,
        0,
        0,
        0,
        null,
        null,
        null,
        1,
        1,
        1,
        null,
        null,
        null,
        1,
        1,
        null,
        1,
        3,
        3,
        null,
        3,
        2,
        0,
        null,
        2,
        null,
        null,
        1,
        null,
        null,
        1,
        1,
        null,
        null
      ],
      "/app/app/controllers/application_controller.rb": [
        1,
        1,
        null,
        null,
        2,
        null,
        1,
        1,
        null,
        1,
        null,
        1,
        null,
        null,
        1,
        0,
        null,
        null
      ],
      "/app/lib/exception_notifier.rb": [
        1,
        1,
        1,
        1,
        1,
        1,
        null,
        null
      ],
      "/app/app/models/sub_assignment.rb": [
        null,
        null,
        null,
        null,
        null,
        null,
        null,
        null,
        null,
        null,
        null,
        null,
        null,
        null,
        null,
        null,
        1,
        1,
        null,
        1,
        1,
        1,
        1,
        1,
        null,
        1,
        null,
        2,
        2,
        2,
        null
      ],
      "/app/app/controllers/api/projects_controller.rb": [
        1,
        1,
        null,
        1,
        1,
        4,
        1,
        1,
        null,
        1,
        null,
        null,
        1,
        0,
        0,
        null,
        0,
        0,
        null,
        0,
        null,
        null,
        null,
        1,
        0,
        0,
        null,
        null,
        1,
        1,
        0,
        null,
        null
      ],
      "/app/app/serializers/project_serializer.rb": [
        1,
        1,
        null,
        1,
        1,
        1,
        1,
        null
      ]
    },
    "timestamp": 1572158754
  }
}
